2017-09-26 14:00:01 login, name=ghost, pid=145002017-09-26 14:00:01 login_ok, name=ghost, id=1088888, pid=145002017-09-26 14:02:00 start_reserva, id=1088888, viatura=Vespa2017-09-26 14:06:10 start_aluguer, id=1088888, viatura=Vespa2017-09-26 14:06:10 check_saldo, id=1088888, saldo=25, saldo_ok2017-09-26 14:40:11 logout, id=10888882017-09-26 14:00:01 login, name=perdo, pid=126342017-09-26 14:08:45 login_error, name=perdo, pid=12634, unknown_client 2017-09-26 14:09:01 login, name=pedro, pid=126342017-09-26 14:09:45 login_error, name=pedro, pid=12634, invalid_password 2017-09-26 14:14:01 login, name=ghost, pid=235792017-09-26 14:15:01 login_ok, name=ghost, id=1088888, pid=235792017-09-26 14:18:00 end_aluguer, id=1088888, viatura=Vespa, duracao=12 2017-09-26 14:18:01 update_saldo, id=1088888, initial=25, used=12, final=13 2017-09-26 14:27:11 logout, id=10888882017-09-26 14:49:11 list_livres, from=10543242017-09-26 14:49:11 livres_list, to=1054324, info=Vespa2017-09-26 14:49:11 livres_list, to=1054324, info=Mosca2017-09-26 14:49:11 livres_list, to=1054324, info=Moscardo2017-09-26 14:59:10 add_saldo, id=1054324, initial=-2, added=20, final=18PID: 2740
PID: 2740
PID: 2770
PID: 2770
PID: 2799
PID: 2799
PID: 2827
PID: 2853
PID: 2853
PID: 2914
PID: 2914
PID: 2936
PID: 2936
PID: 2972
PID: 3010
2017-12-13  13:40:45 - PID: 6100
PID: 6100
2017-12-13  13:40:53 - Fiscal is closing.
2017-12-13  13:40:53 - Father closing.
2017-12-13  13:46:54 - PID: 6199
PID: 6199
2017-12-13  13:46:59 - Fiscal is closing.
2017-12-13  13:46:59 - Father closing.
2017-12-13  13:49:32 - PID: 6229
PID: 6229
2017-12-13  13:49:38 - Fiscal is closing.
2017-12-13  13:49:38 - Father closing.
2017-12-13  13:49:45 - PID: 6235
PID: 6235
2017-12-13  13:49:48 - Fiscal is closing.
2017-12-13  13:49:48 - Father closing.
2017-12-13  13:51:19 - PID: 6256
PID: 6256
2017-12-13  13:51:23 - Fiscal is closing.
2017-12-13  13:51:23 - Father closing.
2017-12-13  13:56:0 - PID: 6309
PID: 6309
2017-12-13  13:56:6 - Fiscal is closing.
2017-12-13  13:56:6 - Father closing.
2017-12-13  13:56:29 - PID: 6322
PID: 6322
2017-12-13  13:57:26 - Fiscal is closing.
2017-12-13  13:57:26 - Father closing.
2017-12-13  13:57:31 - PID: 6339
PID: 6339
2017-12-13  13:58:31 - Fiscal is verifying the data.
2017-12-13  13:59:31 - Fiscal is verifying the data.
2017-12-13  13:59:40 - Fiscal is closing.
2017-12-13  13:59:40 - Father closing.
2017-12-13  14:8:48 - PID: 6586
PID: 6586
2017-12-13  14:8:50 - Fiscal is closing.
2017-12-13  14:8:50 - Father closing.
2017-12-13  14:8:57 - PID: 6591
PID: 6591
2017-12-13  14:8:59 - Fiscal is closing.
2017-12-13  14:8:59 - Father closing.
2017-12-14  16:21:8 - PID: 4030
PID: 4030
2017-12-14  16:22:48 - PID: 4059
PID: 4059
2017-12-14  16:23:19 - PID: 4073
PID: 4073
2017-12-14  16:24:13 - PID: 4090
PID: 4090
2017-12-14  16:24:18 - Father closing.
2017-12-14  16:24:28 - PID: 4097
PID: 4097
2017-12-14  16:25:55 - PID: 4123
PID: 4123
2017-12-14  16:27:39 - PID: 4150
PID: 4150
2017-12-14  16:28:26 - PID: 4172
PID: 4172
2017-12-14  16:29:4 - Father closing.
2017-12-14  16:29:8 - PID: 4191
PID: 4191
2017-12-14  16:30:54 - Father closing.
2017-12-14  16:30:56 - PID: 4222
PID: 4222
2017-12-14  16:31:35 - Father closing.
2017-12-14  16:31:38 - PID: 4241
PID: 4241
2017-12-14  17:9:30 - PID: 4368
PID: 4368
2017-12-14  17:11:45 - PID: 4419
PID: 4419
2017-12-14  17:19:13 - PID: 4547
PID: 4547
2017-12-14  17:19:45 - PID: 4567
PID: 4567
2017-12-14  17:21:39 - PID: 4599
PID: 4599
2017-12-14  17:22:12 - PID: 4618
PID: 4618
2017-12-14  17:22:37 - PID: 4637
PID: 4637
2017-12-14  17:23:25 - PID: 4645
PID: 4645
2017-12-14  17:24:13 - PID: 4666
PID: 4666
2017-12-14  17:24:54 - PID: 4686
PID: 4686
2017-12-14  17:26:11 - PID: 4711
PID: 4711
2017-12-14  17:27:33 - PID: 4766
PID: 4766
2017-12-14  17:27:54 - PID: 4783
PID: 4783
2017-12-14  17:28:25 - PID: 4803
PID: 4803
2017-12-14  17:29:3 - PID: 4824
PID: 4824
2017-12-14  17:30:34 - PID: 4860
PID: 4860
2017-12-14  17:32:36 - PID: 4900
PID: 4900
2017-12-14  17:33:53 - PID: 4932
PID: 4932
2017-12-14  17:34:48 - PID: 4953
PID: 4953
2017-12-14  17:36:15 - PID: 4981
PID: 4981
2017-12-14  17:36:28 - PID: 4985
PID: 4985
2017-12-14  17:37:15 - Fiscal is verifying the data.
2017-12-14  17:37:28 - Fiscal is verifying the data.
2017-12-14  17:38:15 - Fiscal is verifying the data.
2017-12-14  17:38:28 - Fiscal is verifying the data.
2017-12-14  17:39:15 - Fiscal is verifying the data.
2017-12-14  17:39:28 - Fiscal is verifying the data.
2017-12-14  17:40:15 - Fiscal is verifying the data.
2017-12-14  17:40:28 - Fiscal is verifying the data.
2017-12-14  17:41:15 - Fiscal is verifying the data.
2017-12-14  17:41:28 - Fiscal is verifying the data.
2017-12-14  17:42:15 - Fiscal is verifying the data.
2017-12-14  17:42:28 - Fiscal is verifying the data.
